0 verbose cli C:\Program Files\nodejs\node.exe C:\Program Files\nodejs\node_modules\npm\bin\npm-cli.js
1 info using npm@11.13.0
2 info using node@v24.16.0
3 silly config load:file:C:\Program Files\nodejs\node_modules\npm\npmrc
4 silly config load:file:E:\Website\Acheron\.npmrc
5 silly config load:file:C:\Users\S&U TRADERS\.npmrc
6 silly config load:file:E:\Develop\npm\etc\npmrc
7 verbose title npm exec create-next-app@latest ./ --typescript --tailwind --eslint --app --src-dir --import-alias @/* --use-npm --yes
8 verbose argv "exec" "--yes" "--" "create-next-app@latest" "./" "--typescript" "--tailwind" "--eslint" "--app" "--src-dir" "--import-alias" "@/*" "--use-npm" "--yes"
9 verbose logfile logs-max:10 dir:e:\Website\Acheron\acheron-app\.npm-cache\_logs\2026-06-04T14_01_49_432Z-
10 verbose logfile e:\Website\Acheron\acheron-app\.npm-cache\_logs\2026-06-04T14_01_49_432Z-debug-0.log
11 silly logfile done cleaning log files
12 silly packumentCache heap:2348810240 maxSize:587202560 maxEntrySize:293601280
13 http fetch GET 200 https://registry.npmjs.org/npm 404ms
14 http fetch GET https://registry.npmjs.org/create-next-app attempt 1 failed with ETIMEDOUT
15 http fetch GET 200 https://registry.npmjs.org/create-next-app 34489ms attempt #2 (cache miss)
16 silly packumentCache heap:2348810240 maxSize:587202560 maxEntrySize:293601280
17 silly packumentCache heap:2348810240 maxSize:587202560 maxEntrySize:293601280
18 silly idealTree buildDeps
19 silly fetch manifest create-next-app@16.2.7
20 silly packumentCache full:https://registry.npmjs.org/create-next-app cache-miss
21 http fetch GET 200 https://registry.npmjs.org/create-next-app 539ms (cache miss)
22 silly packumentCache full:https://registry.npmjs.org/create-next-app set size:undefined disposed:false
23 silly placeDep ROOT create-next-app@16.2.7 OK for:  want: 16.2.7
24 silly reify moves {}
25 silly audit bulk request { 'create-next-app': [ '16.2.7' ] }
26 http cache create-next-app@https://registry.npmjs.org/create-next-app/-/create-next-app-16.2.7.tgz 0ms (cache hit)
27 silly tarball no local data for create-next-app@https://registry.npmjs.org/create-next-app/-/create-next-app-16.2.7.tgz. Extracting by manifest.
28 http fetch POST 200 https://registry.npmjs.org/-/npm/v1/security/advisories/bulk 321ms
29 silly audit report {}
30 http fetch GET 200 https://registry.npmjs.org/create-next-app/-/create-next-app-16.2.7.tgz 2018ms (cache miss)
31 verbose cwd E:\Website\Acheron\acheron-app
32 verbose os Windows_NT 10.0.19045
33 verbose node v24.16.0
34 verbose npm  v11.13.0
35 notice
35 notice New minor version of npm available! 11.13.0 -> 11.16.0
35 notice Changelog: https://github.com/npm/cli/releases/tag/v11.16.0
35 notice To update run: npm install -g npm@11.16.0
35 notice  { force: true, Symbol(proc-log.meta): true }
36 verbose exit 1
37 verbose code 1
