0 verbose cli C:\Program Files\nodejs\node.exe C:\Program Files\nodejs\node_modules\npm\bin\npm-cli.js
1 info using npm@11.13.0
2 info using node@v24.16.0
3 silly config load:file:C:\Program Files\nodejs\node_modules\npm\npmrc
4 silly config load:file:E:\Website\Acheron\.npmrc
5 silly config load:file:C:\Users\S&U TRADERS\.npmrc
6 silly config load:file:E:\Develop\npm\etc\npmrc
7 verbose title npm exec create-next-app@latest temp-init --typescript --tailwind --eslint --app --src-dir --import-alias @/* --use-npm --yes
8 verbose argv "exec" "--yes" "--" "create-next-app@latest" "temp-init" "--typescript" "--tailwind" "--eslint" "--app" "--src-dir" "--import-alias" "@/*" "--use-npm" "--yes"
9 verbose logfile logs-max:10 dir:e:\Website\Acheron\acheron-app\.npm-cache\_logs\2026-06-04T14_02_39_673Z-
10 verbose logfile e:\Website\Acheron\acheron-app\.npm-cache\_logs\2026-06-04T14_02_39_673Z-debug-0.log
11 silly logfile done cleaning log files
12 silly packumentCache heap:2348810240 maxSize:587202560 maxEntrySize:293601280
13 http fetch GET 200 https://registry.npmjs.org/create-next-app 460ms (cache revalidated)
14 silly packumentCache heap:2348810240 maxSize:587202560 maxEntrySize:293601280
15 silly packumentCache heap:2348810240 maxSize:587202560 maxEntrySize:293601280
16 verbose cwd E:\Website\Acheron\acheron-app
17 verbose os Windows_NT 10.0.19045
18 verbose node v24.16.0
19 verbose npm  v11.13.0
20 verbose exit 0
21 info ok
