0 verbose cli C:\Program Files\nodejs\node.exe C:\Program Files\nodejs\node_modules\npm\bin\npm-cli.js
1 info using npm@11.13.0
2 info using node@v24.16.0
3 silly config load:file:C:\Program Files\nodejs\node_modules\npm\npmrc
4 silly config load:file:E:\Website\Acheron\acheron-app\.npmrc
5 silly config load:file:C:\Users\S&U TRADERS\.npmrc
6 silly config load:file:E:\Develop\npm\etc\npmrc
7 verbose title npm install @supabase/supabase-js lucide-react framer-motion clsx tailwind-merge
8 verbose argv "install" "@supabase/supabase-js" "lucide-react" "framer-motion" "clsx" "tailwind-merge"
9 verbose logfile logs-max:10 dir:e:\Website\Acheron\acheron-app\.npm-cache\_logs\2026-06-04T14_05_27_129Z-
10 verbose logfile e:\Website\Acheron\acheron-app\.npm-cache\_logs\2026-06-04T14_05_27_129Z-debug-0.log
11 silly logfile done cleaning log files
12 silly packumentCache heap:2348810240 maxSize:587202560 maxEntrySize:293601280
13 silly idealTree buildDeps
14 silly fetch manifest @supabase/supabase-js@*
15 silly packumentCache full:https://registry.npmjs.org/@supabase%2fsupabase-js cache-miss
16 http fetch GET 200 https://registry.npmjs.org/@supabase%2fsupabase-js 2272ms (cache miss)
17 silly packumentCache full:https://registry.npmjs.org/@supabase%2fsupabase-js set size:undefined disposed:false
18 silly fetch manifest lucide-react@*
19 silly packumentCache full:https://registry.npmjs.org/lucide-react cache-miss
20 http fetch GET 200 https://registry.npmjs.org/lucide-react 187ms (cache miss)
21 silly packumentCache full:https://registry.npmjs.org/lucide-react set size:undefined disposed:false
22 silly fetch manifest react@19.2.4
23 silly packumentCache full:https://registry.npmjs.org/react cache-miss
24 http cache https://registry.npmjs.org/react 77ms (cache hit)
25 silly packumentCache full:https://registry.npmjs.org/react set size:6688515 disposed:false
26 silly fetch manifest framer-motion@*
27 silly packumentCache full:https://registry.npmjs.org/framer-motion cache-miss
28 http fetch GET 200 https://registry.npmjs.org/framer-motion 599ms (cache miss)
29 silly packumentCache full:https://registry.npmjs.org/framer-motion set size:undefined disposed:false
30 silly fetch manifest @emotion/is-prop-valid@*
31 silly packumentCache full:https://registry.npmjs.org/@emotion%2fis-prop-valid cache-miss
32 http fetch GET 200 https://registry.npmjs.org/@emotion%2fis-prop-valid 736ms (cache miss)
33 silly packumentCache full:https://registry.npmjs.org/@emotion%2fis-prop-valid set size:undefined disposed:false
34 silly fetch manifest react-dom@19.2.4
35 silly packumentCache full:https://registry.npmjs.org/react-dom cache-miss
36 http cache https://registry.npmjs.org/react-dom 67ms (cache hit)
37 silly packumentCache full:https://registry.npmjs.org/react-dom set size:8930276 disposed:false
38 silly fetch manifest clsx@*
39 silly packumentCache full:https://registry.npmjs.org/clsx cache-miss
40 http fetch GET 200 https://registry.npmjs.org/clsx 40ms (cache miss)
41 silly packumentCache full:https://registry.npmjs.org/clsx set size:undefined disposed:false
42 silly fetch manifest tailwind-merge@*
43 silly packumentCache full:https://registry.npmjs.org/tailwind-merge cache-miss
44 http fetch GET 200 https://registry.npmjs.org/tailwind-merge 65ms (cache miss)
45 silly packumentCache full:https://registry.npmjs.org/tailwind-merge set size:undefined disposed:false
46 silly placeDep ROOT @supabase/supabase-js@2.107.0 OK for: temp-init@0.1.0 want: *
47 silly placeDep ROOT clsx@2.1.1 OK for: temp-init@0.1.0 want: *
48 silly placeDep ROOT framer-motion@12.40.0 OK for: temp-init@0.1.0 want: *
49 silly placeDep ROOT lucide-react@1.17.0 OK for: temp-init@0.1.0 want: *
50 silly placeDep ROOT tailwind-merge@3.6.0 OK for: temp-init@0.1.0 want: *
51 silly fetch manifest @supabase/auth-js@2.107.0
52 silly packumentCache full:https://registry.npmjs.org/@supabase%2fauth-js cache-miss
53 silly fetch manifest @supabase/storage-js@2.107.0
54 silly packumentCache full:https://registry.npmjs.org/@supabase%2fstorage-js cache-miss
55 silly fetch manifest @supabase/realtime-js@2.107.0
56 silly packumentCache full:https://registry.npmjs.org/@supabase%2frealtime-js cache-miss
57 http fetch GET 200 https://registry.npmjs.org/@supabase%2fauth-js 768ms (cache miss)
58 silly packumentCache full:https://registry.npmjs.org/@supabase%2fauth-js set size:undefined disposed:false
59 silly fetch manifest @supabase/functions-js@2.107.0
60 silly packumentCache full:https://registry.npmjs.org/@supabase%2ffunctions-js cache-miss
61 http fetch GET 200 https://registry.npmjs.org/@supabase%2ffunctions-js 786ms (cache miss)
62 silly packumentCache full:https://registry.npmjs.org/@supabase%2ffunctions-js set size:undefined disposed:false
63 silly fetch manifest @supabase/postgrest-js@2.107.0
64 silly packumentCache full:https://registry.npmjs.org/@supabase%2fpostgrest-js cache-miss
65 http fetch GET 200 https://registry.npmjs.org/@supabase%2fstorage-js 1996ms (cache miss)
66 silly packumentCache full:https://registry.npmjs.org/@supabase%2fstorage-js set size:undefined disposed:false
67 silly fetch manifest motion-dom@^12.40.0
68 silly packumentCache full:https://registry.npmjs.org/motion-dom cache-miss
69 http fetch GET 200 https://registry.npmjs.org/@supabase%2fpostgrest-js 789ms (cache miss)
70 silly packumentCache full:https://registry.npmjs.org/@supabase%2fpostgrest-js set size:undefined disposed:false
71 silly fetch manifest motion-utils@^12.39.0
72 silly packumentCache full:https://registry.npmjs.org/motion-utils cache-miss
73 http fetch GET 200 https://registry.npmjs.org/motion-dom 378ms (cache miss)
74 silly packumentCache full:https://registry.npmjs.org/motion-dom set size:undefined disposed:false
75 http fetch GET 200 https://registry.npmjs.org/motion-utils 324ms (cache miss)
76 silly packumentCache full:https://registry.npmjs.org/motion-utils set size:undefined disposed:false
77 http fetch GET 200 https://registry.npmjs.org/@supabase%2frealtime-js 4680ms (cache miss)
78 silly packumentCache full:https://registry.npmjs.org/@supabase%2frealtime-js set size:undefined disposed:false
79 silly placeDep ROOT @supabase/auth-js@2.107.0 OK for: @supabase/supabase-js@2.107.0 want: 2.107.0
80 silly placeDep ROOT @supabase/functions-js@2.107.0 OK for: @supabase/supabase-js@2.107.0 want: 2.107.0
81 silly placeDep ROOT @supabase/postgrest-js@2.107.0 OK for: @supabase/supabase-js@2.107.0 want: 2.107.0
82 silly placeDep ROOT @supabase/realtime-js@2.107.0 OK for: @supabase/supabase-js@2.107.0 want: 2.107.0
83 silly placeDep ROOT @supabase/storage-js@2.107.0 OK for: @supabase/supabase-js@2.107.0 want: 2.107.0
84 silly fetch manifest @supabase/phoenix@^0.4.2
85 silly packumentCache full:https://registry.npmjs.org/@supabase%2fphoenix cache-miss
86 silly fetch manifest iceberg-js@^0.8.1
87 silly packumentCache full:https://registry.npmjs.org/iceberg-js cache-miss
88 http fetch GET 200 https://registry.npmjs.org/iceberg-js 361ms (cache miss)
89 silly packumentCache full:https://registry.npmjs.org/iceberg-js set size:undefined disposed:false
90 http fetch GET 200 https://registry.npmjs.org/@supabase%2fphoenix 754ms (cache miss)
91 silly packumentCache full:https://registry.npmjs.org/@supabase%2fphoenix set size:undefined disposed:false
92 silly placeDep ROOT @supabase/phoenix@0.4.2 OK for: @supabase/realtime-js@2.107.0 want: ^0.4.2
93 silly placeDep ROOT iceberg-js@0.8.1 OK for: @supabase/storage-js@2.107.0 want: ^0.8.1
94 silly placeDep ROOT motion-dom@12.40.0 OK for: framer-motion@12.40.0 want: ^12.40.0
95 silly placeDep ROOT motion-utils@12.39.0 OK for: framer-motion@12.40.0 want: ^12.39.0
96 silly reify moves {}
97 silly audit bulk request {
97 silly audit   '@alloc/quick-lru': [ '5.2.0' ],
97 silly audit   '@babel/code-frame': [ '7.29.7' ],
97 silly audit   '@babel/compat-data': [ '7.29.7' ],
97 silly audit   '@babel/core': [ '7.29.7' ],
97 silly audit   '@babel/generator': [ '7.29.7' ],
97 silly audit   '@babel/helper-compilation-targets': [ '7.29.7' ],
97 silly audit   '@babel/helper-globals': [ '7.29.7' ],
97 silly audit   '@babel/helper-module-imports': [ '7.29.7' ],
97 silly audit   '@babel/helper-module-transforms': [ '7.29.7' ],
97 silly audit   '@babel/helper-string-parser': [ '7.29.7' ],
97 silly audit   '@babel/helper-validator-identifier': [ '7.29.7' ],
97 silly audit   '@babel/helper-validator-option': [ '7.29.7' ],
97 silly audit   '@babel/helpers': [ '7.29.7' ],
97 silly audit   '@babel/parser': [ '7.29.7' ],
97 silly audit   '@babel/template': [ '7.29.7' ],
97 silly audit   '@babel/traverse': [ '7.29.7' ],
97 silly audit   '@babel/types': [ '7.29.7' ],
97 silly audit   '@emnapi/core': [ '1.10.0' ],
97 silly audit   '@emnapi/runtime': [ '1.10.0' ],
97 silly audit   '@emnapi/wasi-threads': [ '1.2.1' ],
97 silly audit   '@eslint-community/eslint-utils': [ '4.9.1' ],
97 silly audit   'eslint-visitor-keys': [ '3.4.3', '5.0.1', '4.2.1' ],
97 silly audit   '@eslint-community/regexpp': [ '4.12.2' ],
97 silly audit   '@eslint/config-array': [ '0.21.2' ],
97 silly audit   '@eslint/config-helpers': [ '0.4.2' ],
97 silly audit   '@eslint/core': [ '0.17.0' ],
97 silly audit   '@eslint/eslintrc': [ '3.3.5' ],
97 silly audit   '@eslint/js': [ '9.39.4' ],
97 silly audit   '@eslint/object-schema': [ '2.1.7' ],
97 silly audit   '@eslint/plugin-kit': [ '0.4.1' ],
97 silly audit   '@humanfs/core': [ '0.19.2' ],
97 silly audit   '@humanfs/node': [ '0.16.8' ],
97 silly audit   '@humanfs/types': [ '0.15.0' ],
97 silly audit   '@humanwhocodes/module-importer': [ '1.0.1' ],
97 silly audit   '@humanwhocodes/retry': [ '0.4.3' ],
97 silly audit   '@img/colour': [ '1.1.0' ],
97 silly audit   '@img/sharp-darwin-arm64': [ '0.34.5' ],
97 silly audit   '@img/sharp-darwin-x64': [ '0.34.5' ],
97 silly audit   '@img/sharp-libvips-darwin-arm64': [ '1.2.4' ],
97 silly audit   '@img/sharp-libvips-darwin-x64': [ '1.2.4' ],
97 silly audit   '@img/sharp-libvips-linux-arm': [ '1.2.4' ],
97 silly audit   '@img/sharp-libvips-linux-arm64': [ '1.2.4' ],
97 silly audit   '@img/sharp-libvips-linux-ppc64': [ '1.2.4' ],
97 silly audit   '@img/sharp-libvips-linux-riscv64': [ '1.2.4' ],
97 silly audit   '@img/sharp-libvips-linux-s390x': [ '1.2.4' ],
97 silly audit   '@img/sharp-libvips-linux-x64': [ '1.2.4' ],
97 silly audit   '@img/sharp-libvips-linuxmusl-arm64': [ '1.2.4' ],
97 silly audit   '@img/sharp-libvips-linuxmusl-x64': [ '1.2.4' ],
97 silly audit   '@img/sharp-linux-arm': [ '0.34.5' ],
97 silly audit   '@img/sharp-linux-arm64': [ '0.34.5' ],
97 silly audit   '@img/sharp-linux-ppc64': [ '0.34.5' ],
97 silly audit   '@img/sharp-linux-riscv64': [ '0.34.5' ],
97 silly audit   '@img/sharp-linux-s390x': [ '0.34.5' ],
97 silly audit   '@img/sharp-linux-x64': [ '0.34.5' ],
97 silly audit   '@img/sharp-linuxmusl-arm64': [ '0.34.5' ],
97 silly audit   '@img/sharp-linuxmusl-x64': [ '0.34.5' ],
97 silly audit   '@img/sharp-wasm32': [ '0.34.5' ],
97 silly audit   '@img/sharp-win32-arm64': [ '0.34.5' ],
97 silly audit   '@img/sharp-win32-ia32': [ '0.34.5' ],
97 silly audit   '@img/sharp-win32-x64': [ '0.34.5' ],
97 silly audit   '@jridgewell/gen-mapping': [ '0.3.13' ],
97 silly audit   '@jridgewell/remapping': [ '2.3.5' ],
97 silly audit   '@jridgewell/resolve-uri': [ '3.1.2' ],
97 silly audit   '@jridgewell/sourcemap-codec': [ '1.5.5' ],
97 silly audit   '@jridgewell/trace-mapping': [ '0.3.31' ],
97 silly audit   '@napi-rs/wasm-runtime': [ '1.1.4' ],
97 silly audit   '@next/env': [ '16.2.7' ],
97 silly audit   '@next/eslint-plugin-next': [ '16.2.7' ],
97 silly audit   '@next/swc-darwin-arm64': [ '16.2.7' ],
97 silly audit   '@next/swc-darwin-x64': [ '16.2.7' ],
97 silly audit   '@next/swc-linux-arm64-gnu': [ '16.2.7' ],
97 silly audit   '@next/swc-linux-arm64-musl': [ '16.2.7' ],
97 silly audit   '@next/swc-linux-x64-gnu': [ '16.2.7' ],
97 silly audit   '@next/swc-linux-x64-musl': [ '16.2.7' ],
97 silly audit   '@next/swc-win32-arm64-msvc': [ '16.2.7' ],
97 silly audit   '@next/swc-win32-x64-msvc': [ '16.2.7' ],
97 silly audit   '@nodelib/fs.scandir': [ '2.1.5' ],
97 silly audit   '@nodelib/fs.stat': [ '2.0.5' ],
97 silly audit   '@nodelib/fs.walk': [ '1.2.8' ],
97 silly audit   '@nolyfill/is-core-module': [ '1.0.39' ],
97 silly audit   '@rtsao/scc': [ '1.1.0' ],
97 silly audit   '@swc/helpers': [ '0.5.15' ],
97 silly audit   '@tailwindcss/node': [ '4.3.0' ],
97 silly audit   '@tailwindcss/oxide': [ '4.3.0' ],
97 silly audit   '@tailwindcss/oxide-android-arm64': [ '4.3.0' ],
97 silly audit   '@tailwindcss/oxide-darwin-arm64': [ '4.3.0' ],
97 silly audit   '@tailwindcss/oxide-darwin-x64': [ '4.3.0' ],
97 silly audit   '@tailwindcss/oxide-freebsd-x64': [ '4.3.0' ],
97 silly audit   '@tailwindcss/oxide-linux-arm-gnueabihf': [ '4.3.0' ],
97 silly audit   '@tailwindcss/oxide-linux-arm64-gnu': [ '4.3.0' ],
97 silly audit   '@tailwindcss/oxide-linux-arm64-musl': [ '4.3.0' ],
97 silly audit   '@tailwindcss/oxide-linux-x64-gnu': [ '4.3.0' ],
97 silly audit   '@tailwindcss/oxide-linux-x64-musl': [ '4.3.0' ],
97 silly audit   '@tailwindcss/oxide-wasm32-wasi': [ '4.3.0' ],
97 silly audit   '@tailwindcss/oxide-win32-arm64-msvc': [ '4.3.0' ],
97 silly audit   '@tailwindcss/oxide-win32-x64-msvc': [ '4.3.0' ],
97 silly audit   '@tailwindcss/postcss': [ '4.3.0' ],
97 silly audit   '@tybys/wasm-util': [ '0.10.2' ],
97 silly audit   '@types/estree': [ '1.0.9' ],
97 silly audit   '@types/json-schema': [ '7.0.15' ],
97 silly audit   '@types/json5': [ '0.0.29' ],
97 silly audit   '@types/node': [ '20.19.41' ],
97 silly audit   '@types/react': [ '19.2.16' ],
97 silly audit   '@types/react-dom': [ '19.2.3' ],
97 silly audit   '@typescript-eslint/eslint-plugin': [ '8.60.1' ],
97 silly audit   ignore: [ '7.0.5', '5.3.2' ],
97 silly audit   '@typescript-eslint/parser': [ '8.60.1' ],
97 silly audit   '@typescript-eslint/project-service': [ '8.60.1' ],
97 silly audit   '@typescript-eslint/scope-manager': [ '8.60.1' ],
97 silly audit   '@typescript-eslint/tsconfig-utils': [ '8.60.1' ],
97 silly audit   '@typescript-eslint/type-utils': [ '8.60.1' ],
97 silly audit   '@typescript-eslint/types': [ '8.60.1' ],
97 silly audit   '@typescript-eslint/typescript-estree': [ '8.60.1' ],
97 silly audit   'balanced-match': [ '4.0.4', '1.0.2' ],
97 silly audit   'brace-expansion': [ '5.0.6', '1.1.15' ],
97 silly audit   minimatch: [ '10.2.5', '3.1.5' ],
97 silly audit   semver: [ '7.8.1', '6.3.1' ],
97 silly audit   '@typescript-eslint/utils': [ '8.60.1' ],
97 silly audit   '@typescript-eslint/visitor-keys': [ '8.60.1' ],
97 silly audit   '@unrs/resolver-binding-android-arm-eabi': [ '1.12.2' ],
97 silly audit   '@unrs/resolver-binding-android-arm64': [ '1.12.2' ],
97 silly audit   '@unrs/resolver-binding-darwin-arm64': [ '1.12.2' ],
97 silly audit   '@unrs/resolver-binding-darwin-x64': [ '1.12.2' ],
97 silly audit   '@unrs/resolver-binding-freebsd-x64': [ '1.12.2' ],
97 silly audit   '@unrs/resolver-binding-linux-arm-gnueabihf': [ '1.12.2' ],
97 silly audit   '@unrs/resolver-binding-linux-arm-musleabihf': [ '1.12.2' ],
97 silly audit   '@unrs/resolver-binding-linux-arm64-gnu': [ '1.12.2' ],
97 silly audit   '@unrs/resolver-binding-linux-arm64-musl': [ '1.12.2' ],
97 silly audit   '@unrs/resolver-binding-linux-loong64-gnu': [ '1.12.2' ],
97 silly audit   '@unrs/resolver-binding-linux-loong64-musl': [ '1.12.2' ],
97 silly audit   '@unrs/resolver-binding-linux-ppc64-gnu': [ '1.12.2' ],
97 silly audit   '@unrs/resolver-binding-linux-riscv64-gnu': [ '1.12.2' ],
97 silly audit   '@unrs/resolver-binding-linux-riscv64-musl': [ '1.12.2' ],
97 silly audit   '@unrs/resolver-binding-linux-s390x-gnu': [ '1.12.2' ],
97 silly audit   '@unrs/resolver-binding-linux-x64-gnu': [ '1.12.2' ],
97 silly audit   '@unrs/resolver-binding-linux-x64-musl': [ '1.12.2' ],
97 silly audit   '@unrs/resolver-binding-openharmony-arm64': [ '1.12.2' ],
97 silly audit   '@unrs/resolver-binding-wasm32-wasi': [ '1.12.2' ],
97 silly audit   '@unrs/resolver-binding-win32-arm64-msvc': [ '1.12.2' ],
97 silly audit   '@unrs/resolver-binding-win32-ia32-msvc': [ '1.12.2' ],
97 silly audit   '@unrs/resolver-binding-win32-x64-msvc': [ '1.12.2' ],
97 silly audit   acorn: [ '8.16.0' ],
97 silly audit   'acorn-jsx': [ '5.3.2' ],
97 silly audit   ajv: [ '6.15.0' ],
97 silly audit   'ansi-styles': [ '4.3.0' ],
97 silly audit   argparse: [ '2.0.1' ],
97 silly audit   'aria-query': [ '5.3.2' ],
97 silly audit   'array-buffer-byte-length': [ '1.0.2' ],
97 silly audit   'array-includes': [ '3.1.9' ],
97 silly audit   'array.prototype.findlast': [ '1.2.5' ],
97 silly audit   'array.prototype.findlastindex': [ '1.2.6' ],
97 silly audit   'array.prototype.flat': [ '1.3.3' ],
97 silly audit   'array.prototype.flatmap': [ '1.3.3' ],
97 silly audit   'array.prototype.tosorted': [ '1.1.4' ],
97 silly audit   'arraybuffer.prototype.slice': [ '1.0.4' ],
97 silly audit   'ast-types-flow': [ '0.0.8' ],
97 silly audit   'async-function': [ '1.0.0' ],
97 silly audit   'available-typed-arrays': [ '1.0.7' ],
97 silly audit   'axe-core': [ '4.12.0' ],
97 silly audit   'axobject-query': [ '4.1.0' ],
97 silly audit   'baseline-browser-mapping': [ '2.10.33' ],
97 silly audit   braces: [ '3.0.3' ],
97 silly audit   browserslist: [ '4.28.2' ],
97 silly audit   'call-bind': [ '1.0.9' ],
97 silly audit   'call-bind-apply-helpers': [ '1.0.2' ],
97 silly audit   'call-bound': [ '1.0.4' ],
97 silly audit   callsites: [ '3.1.0' ],
97 silly audit   'caniuse-lite': [ '1.0.30001793' ],
97 silly audit   chalk: [ '4.1.2' ],
97 silly audit   'client-only': [ '0.0.1' ],
97 silly audit   'color-convert': [ '2.0.1' ],
97 silly audit   'color-name': [ '1.1.4' ],
97 silly audit   'concat-map': [ '0.0.1' ],
97 silly audit   'convert-source-map': [ '2.0.0' ],
97 silly audit   'cross-spawn': [ '7.0.6' ],
97 silly audit   csstype: [ '3.2.3' ],
97 silly audit   'damerau-levenshtein': [ '1.0.8' ],
97 silly audit   'data-view-buffer': [ '1.0.2' ],
97 silly audit   'data-view-byte-length': [ '1.0.2' ],
97 silly audit   'data-view-byte-offset': [ '1.0.1' ],
97 silly audit   debug: [ '4.4.3', '3.2.7' ],
97 silly audit   'deep-is': [ '0.1.4' ],
97 silly audit   'define-data-property': [ '1.1.4' ],
97 silly audit   'define-properties': [ '1.2.1' ],
97 silly audit   'detect-libc': [ '2.1.2' ],
97 silly audit   doctrine: [ '2.1.0' ],
97 silly audit   'dunder-proto': [ '1.0.1' ],
97 silly audit   'electron-to-chromium': [ '1.5.367' ],
97 silly audit   'emoji-regex': [ '9.2.2' ],
97 silly audit   'enhanced-resolve': [ '5.22.2' ],
97 silly audit   'es-abstract': [ '1.24.2' ],
97 silly audit   'es-define-property': [ '1.0.1' ],
97 silly audit   'es-errors': [ '1.3.0' ],
97 silly audit   'es-iterator-helpers': [ '1.3.2' ],
97 silly audit   'es-object-atoms': [ '1.1.2' ],
97 silly audit   'es-set-tostringtag': [ '2.1.0' ],
97 silly audit   'es-shim-unscopables': [ '1.1.0' ],
97 silly audit   'es-to-primitive': [ '1.3.0' ],
97 silly audit   escalade: [ '3.2.0' ],
97 silly audit   'escape-string-regexp': [ '4.0.0' ],
97 silly audit   eslint: [ '9.39.4' ],
97 silly audit   'eslint-config-next': [ '16.2.7' ],
97 silly audit   globals: [ '16.4.0', '14.0.0' ],
97 silly audit   'eslint-import-resolver-node': [ '0.3.10' ],
97 silly audit   'eslint-import-resolver-typescript': [ '3.10.1' ],
97 silly audit   'eslint-module-utils': [ '2.13.0' ],
97 silly audit   'eslint-plugin-import': [ '2.32.0' ],
97 silly audit   'eslint-plugin-jsx-a11y': [ '6.10.2' ],
97 silly audit   'eslint-plugin-react': [ '7.37.5' ],
97 silly audit   'eslint-plugin-react-hooks': [ '7.1.1' ],
97 silly audit   'eslint-scope': [ '8.4.0' ],
97 silly audit   espree: [ '10.4.0' ],
97 silly audit   esquery: [ '1.7.0' ],
97 silly audit   esrecurse: [ '4.3.0' ],
97 silly audit   estraverse: [ '5.3.0' ],
97 silly audit   esutils: [ '2.0.3' ],
97 silly audit   'fast-deep-equal': [ '3.1.3' ],
97 silly audit   'fast-glob': [ '3.3.1' ],
97 silly audit   'glob-parent': [ '5.1.2', '6.0.2' ],
97 silly audit   'fast-json-stable-stringify': [ '2.1.0' ],
97 silly audit   'fast-levenshtein': [ '2.0.6' ],
97 silly audit   fastq: [ '1.20.1' ],
97 silly audit   'file-entry-cache': [ '8.0.0' ],
97 silly audit   'fill-range': [ '7.1.1' ],
97 silly audit   'find-up': [ '5.0.0' ],
97 silly audit   'flat-cache': [ '4.0.1' ],
97 silly audit   flatted: [ '3.4.2' ],
97 silly audit   'for-each': [ '0.3.5' ],
97 silly audit   'function-bind': [ '1.1.2' ],
97 silly audit   'function.prototype.name': [ '1.1.8' ],
97 silly audit   'functions-have-names': [ '1.2.3' ],
97 silly audit   'generator-function': [ '2.0.1' ],
97 silly audit   gensync: [ '1.0.0-beta.2' ],
97 silly audit   'get-intrinsic': [ '1.3.0' ],
97 silly audit   'get-proto': [ '1.0.1' ],
97 silly audit   'get-symbol-description': [ '1.1.0' ],
97 silly audit   'get-tsconfig': [ '4.14.0' ],
97 silly audit   globalthis: [ '1.0.4' ],
97 silly audit   gopd: [ '1.2.0' ],
97 silly audit   'graceful-fs': [ '4.2.11' ],
97 silly audit   'has-bigints': [ '1.1.0' ],
97 silly audit   'has-flag': [ '4.0.0' ],
97 silly audit   'has-property-descriptors': [ '1.0.2' ],
97 silly audit   'has-proto': [ '1.2.0' ],
97 silly audit   'has-symbols': [ '1.1.0' ],
97 silly audit   'has-tostringtag': [ '1.0.2' ],
97 silly audit   hasown: [ '2.0.4' ],
97 silly audit   'hermes-estree': [ '0.25.1' ],
97 silly audit   'hermes-parser': [ '0.25.1' ],
97 silly audit   'import-fresh': [ '3.3.1' ],
97 silly audit   imurmurhash: [ '0.1.4' ],
97 silly audit   'internal-slot': [ '1.1.0' ],
97 silly audit   'is-array-buffer': [ '3.0.5' ],
97 silly audit   'is-async-function': [ '2.1.1' ],
97 silly audit   'is-bigint': [ '1.1.0' ],
97 silly audit   'is-boolean-object': [ '1.2.2' ],
97 silly audit   'is-bun-module': [ '2.0.0' ],
97 silly audit   'is-callable': [ '1.2.7' ],
97 silly audit   'is-core-module': [ '2.16.2' ],
97 silly audit   'is-data-view': [ '1.0.2' ],
97 silly audit   'is-date-object': [ '1.1.0' ],
97 silly audit   'is-extglob': [ '2.1.1' ],
97 silly audit   'is-finalizationregistry': [ '1.1.1' ],
97 silly audit   'is-generator-function': [ '1.1.2' ],
97 silly audit   'is-glob': [ '4.0.3' ],
97 silly audit   'is-map': [ '2.0.3' ],
97 silly audit   'is-negative-zero': [ '2.0.3' ],
97 silly audit   'is-number': [ '7.0.0' ],
97 silly audit   'is-number-object': [ '1.1.1' ],
97 silly audit   'is-regex': [ '1.2.1' ],
97 silly audit   'is-set': [ '2.0.3' ],
97 silly audit   'is-shared-array-buffer': [ '1.0.4' ],
97 silly audit   'is-string': [ '1.1.1' ],
97 silly audit   'is-symbol': [ '1.1.1' ],
97 silly audit   'is-typed-array': [ '1.1.15' ],
97 silly audit   'is-weakmap': [ '2.0.2' ],
97 silly audit   'is-weakref': [ '1.1.1' ],
97 silly audit   'is-weakset': [ '2.0.4' ],
97 silly audit   isarray: [ '2.0.5' ],
97 silly audit   isexe: [ '2.0.0' ],
97 silly audit   'iterator.prototype': [ '1.1.5' ],
97 silly audit   jiti: [ '2.7.0' ],
97 silly audit   'js-tokens': [ '4.0.0' ],
97 silly audit   'js-yaml': [ '4.2.0' ],
97 silly audit   jsesc: [ '3.1.0' ],
97 silly audit   'json-buffer': [ '3.0.1' ],
97 silly audit   'json-schema-traverse': [ '0.4.1' ],
97 silly audit   'json-stable-stringify-without-jsonify': [ '1.0.1' ],
97 silly audit   json5: [ '2.2.3', '1.0.2' ],
97 silly audit   'jsx-ast-utils': [ '3.3.5' ],
97 silly audit   keyv: [ '4.5.4' ],
97 silly audit   'language-subtag-registry': [ '0.3.23' ],
97 silly audit   'language-tags': [ '1.0.9' ],
97 silly audit   levn: [ '0.4.1' ],
97 silly audit   lightningcss: [ '1.32.0' ],
97 silly audit   'lightningcss-android-arm64': [ '1.32.0' ],
97 silly audit   'lightningcss-darwin-arm64': [ '1.32.0' ],
97 silly audit   'lightningcss-darwin-x64': [ '1.32.0' ],
97 silly audit   'lightningcss-freebsd-x64': [ '1.32.0' ],
97 silly audit   'lightningcss-linux-arm-gnueabihf': [ '1.32.0' ],
97 silly audit   'lightningcss-linux-arm64-gnu': [ '1.32.0' ],
97 silly audit   'lightningcss-linux-arm64-musl': [ '1.32.0' ],
97 silly audit   'lightningcss-linux-x64-gnu': [ '1.32.0' ],
97 silly audit   'lightningcss-linux-x64-musl': [ '1.32.0' ],
97 silly audit   'lightningcss-win32-arm64-msvc': [ '1.32.0' ],
97 silly audit   'lightningcss-win32-x64-msvc': [ '1.32.0' ],
97 silly audit   'locate-path': [ '6.0.0' ],
97 silly audit   'lodash.merge': [ '4.6.2' ],
97 silly audit   'loose-envify': [ '1.4.0' ],
97 silly audit   'lru-cache': [ '5.1.1' ],
97 silly audit   'magic-string': [ '0.30.21' ],
97 silly audit   'math-intrinsics': [ '1.1.0' ],
97 silly audit   merge2: [ '1.4.1' ],
97 silly audit   micromatch: [ '4.0.8' ],
97 silly audit   minimist: [ '1.2.8' ],
97 silly audit   ms: [ '2.1.3' ],
97 silly audit   nanoid: [ '3.3.12' ],
97 silly audit   'napi-postinstall': [ '0.3.4' ],
97 silly audit   'natural-compare': [ '1.4.0' ],
97 silly audit   next: [ '16.2.7' ],
97 silly audit   postcss: [ '8.4.31', '8.5.15' ],
97 silly audit   'node-exports-info': [ '1.6.0' ],
97 silly audit   'node-releases': [ '2.0.47' ],
97 silly audit   'object-assign': [ '4.1.1' ],
97 silly audit   'object-inspect': [ '1.13.4' ],
97 silly audit   'object-keys': [ '1.1.1' ],
97 silly audit   'object.assign': [ '4.1.7' ],
97 silly audit   'object.entries': [ '1.1.9' ],
97 silly audit   'object.fromentries': [ '2.0.8' ],
97 silly audit   'object.groupby': [ '1.0.3' ],
97 silly audit   'object.values': [ '1.2.1' ],
97 silly audit   optionator: [ '0.9.4' ],
97 silly audit   'own-keys': [ '1.0.1' ],
97 silly audit   'p-limit': [ '3.1.0' ],
97 silly audit   'p-locate': [ '5.0.0' ],
97 silly audit   'parent-module': [ '1.0.1' ],
97 silly audit   'path-exists': [ '4.0.0' ],
97 silly audit   'path-key': [ '3.1.1' ],
97 silly audit   'path-parse': [ '1.0.7' ],
97 silly audit   picocolors: [ '1.1.1' ],
97 silly audit   picomatch: [ '2.3.2', '4.0.4' ],
97 silly audit   'possible-typed-array-names': [ '1.1.0' ],
97 silly audit   'prelude-ls': [ '1.2.1' ],
97 silly audit   'prop-types': [ '15.8.1' ],
97 silly audit   punycode: [ '2.3.1' ],
97 silly audit   'queue-microtask': [ '1.2.3' ],
97 silly audit   react: [ '19.2.4' ],
97 silly audit   'react-dom': [ '19.2.4' ],
97 silly audit   'react-is': [ '16.13.1' ],
97 silly audit   'reflect.getprototypeof': [ '1.0.10' ],
97 silly audit   'regexp.prototype.flags': [ '1.5.4' ],
97 silly audit   resolve: [ '2.0.0-next.7' ],
97 silly audit   'resolve-from': [ '4.0.0' ],
97 silly audit   'resolve-pkg-maps': [ '1.0.0' ],
97 silly audit   reusify: [ '1.1.0' ],
97 silly audit   'run-parallel': [ '1.2.0' ],
97 silly audit   'safe-array-concat': [ '1.1.4' ],
97 silly audit   'safe-push-apply': [ '1.0.0' ],
97 silly audit   'safe-regex-test': [ '1.1.0' ],
97 silly audit   scheduler: [ '0.27.0' ],
97 silly audit   'set-function-length': [ '1.2.2' ],
97 silly audit   'set-function-name': [ '2.0.2' ],
97 silly audit   'set-proto': [ '1.0.0' ],
97 silly audit   sharp: [ '0.34.5' ],
97 silly audit   'shebang-command': [ '2.0.0' ],
97 silly audit   'shebang-regex': [ '3.0.0' ],
97 silly audit   'side-channel': [ '1.1.0' ],
97 silly audit   'side-channel-list': [ '1.0.1' ],
97 silly audit   'side-channel-map': [ '1.0.1' ],
97 silly audit   'side-channel-weakmap': [ '1.0.2' ],
97 silly audit   'source-map-js': [ '1.2.1' ],
97 silly audit   'stable-hash': [ '0.0.5' ],
97 silly audit   'stop-iteration-iterator': [ '1.1.0' ],
97 silly audit   'string.prototype.includes': [ '2.0.1' ],
97 silly audit   'string.prototype.matchall': [ '4.0.12' ],
97 silly audit   'string.prototype.repeat': [ '1.0.0' ],
97 silly audit   'string.prototype.trim': [ '1.2.10' ],
97 silly audit   'string.prototype.trimend': [ '1.0.9' ],
97 silly audit   'string.prototype.trimstart': [ '1.0.8' ],
97 silly audit   'strip-bom': [ '3.0.0' ],
97 silly audit   'strip-json-comments': [ '3.1.1' ],
97 silly audit   'styled-jsx': [ '5.1.6' ],
97 silly audit   'supports-color': [ '7.2.0' ],
97 silly audit   'supports-preserve-symlinks-flag': [ '1.0.0' ],
97 silly audit   tailwindcss: [ '4.3.0' ],
97 silly audit   tapable: [ '2.3.3' ],
97 silly audit   tinyglobby: [ '0.2.17' ],
97 silly audit   fdir: [ '6.5.0' ],
97 silly audit   'to-regex-range': [ '5.0.1' ],
97 silly audit   'ts-api-utils': [ '2.5.0' ],
97 silly audit   'tsconfig-paths': [ '3.15.0' ],
97 silly audit   tslib: [ '2.8.1' ],
97 silly audit   'type-check': [ '0.4.0' ],
97 silly audit   'typed-array-buffer': [ '1.0.3' ],
97 silly audit   'typed-array-byte-length': [ '1.0.3' ],
97 silly audit   'typed-array-byte-offset': [ '1.0.4' ],
97 silly audit   'typed-array-length': [ '1.0.8' ],
97 silly audit   typescript: [ '5.9.3' ],
97 silly audit   'typescript-eslint': [ '8.60.1' ],
97 silly audit   'unbox-primitive': [ '1.1.0' ],
97 silly audit   'undici-types': [ '6.21.0' ],
97 silly audit   'unrs-resolver': [ '1.12.2' ],
97 silly audit   'update-browserslist-db': [ '1.2.3' ],
97 silly audit   'uri-js': [ '4.4.1' ],
97 silly audit   which: [ '2.0.2' ],
97 silly audit   'which-boxed-primitive': [ '1.1.1' ],
97 silly audit   'which-builtin-type': [ '1.2.1' ],
97 silly audit   'which-collection': [ '1.0.2' ],
97 silly audit   'which-typed-array': [ '1.1.21' ],
97 silly audit   'word-wrap': [ '1.2.5' ],
97 silly audit   yallist: [ '3.1.1' ],
97 silly audit   'yocto-queue': [ '0.1.0' ],
97 silly audit   zod: [ '4.4.3' ],
97 silly audit   'zod-validation-error': [ '4.0.2' ],
97 silly audit   '@supabase/supabase-js': [ '2.107.0' ],
97 silly audit   clsx: [ '2.1.1' ],
97 silly audit   'framer-motion': [ '12.40.0' ],
97 silly audit   'lucide-react': [ '1.17.0' ],
97 silly audit   'tailwind-merge': [ '3.6.0' ],
97 silly audit   '@supabase/auth-js': [ '2.107.0' ],
97 silly audit   '@supabase/functions-js': [ '2.107.0' ],
97 silly audit   '@supabase/postgrest-js': [ '2.107.0' ],
97 silly audit   '@supabase/realtime-js': [ '2.107.0' ],
97 silly audit   '@supabase/storage-js': [ '2.107.0' ],
97 silly audit   '@supabase/phoenix': [ '0.4.2' ],
97 silly audit   'iceberg-js': [ '0.8.1' ],
97 silly audit   'motion-dom': [ '12.40.0' ],
97 silly audit   'motion-utils': [ '12.39.0' ]
97 silly audit }
98 http cache iceberg-js@https://registry.npmjs.org/iceberg-js/-/iceberg-js-0.8.1.tgz 0ms (cache hit)
99 http cache motion-utils@https://registry.npmjs.org/motion-utils/-/motion-utils-12.39.0.tgz 0ms (cache hit)
100 http cache motion-dom@https://registry.npmjs.org/motion-dom/-/motion-dom-12.40.0.tgz 0ms (cache hit)
101 http cache @supabase/phoenix@https://registry.npmjs.org/@supabase/phoenix/-/phoenix-0.4.2.tgz 0ms (cache hit)
102 http cache @supabase/storage-js@https://registry.npmjs.org/@supabase/storage-js/-/storage-js-2.107.0.tgz 0ms (cache hit)
103 http cache @supabase/postgrest-js@https://registry.npmjs.org/@supabase/postgrest-js/-/postgrest-js-2.107.0.tgz 0ms (cache hit)
104 http cache @supabase/functions-js@https://registry.npmjs.org/@supabase/functions-js/-/functions-js-2.107.0.tgz 0ms (cache hit)
105 http cache lucide-react@https://registry.npmjs.org/lucide-react/-/lucide-react-1.17.0.tgz 0ms (cache hit)
106 http cache tailwind-merge@https://registry.npmjs.org/tailwind-merge/-/tailwind-merge-3.6.0.tgz 0ms (cache hit)
107 http cache @supabase/auth-js@https://registry.npmjs.org/@supabase/auth-js/-/auth-js-2.107.0.tgz 0ms (cache hit)
108 http cache clsx@https://registry.npmjs.org/clsx/-/clsx-2.1.1.tgz 0ms (cache hit)
109 http cache framer-motion@https://registry.npmjs.org/framer-motion/-/framer-motion-12.40.0.tgz 0ms (cache hit)
110 http cache @supabase/supabase-js@https://registry.npmjs.org/@supabase/supabase-js/-/supabase-js-2.107.0.tgz 0ms (cache hit)
111 http cache @supabase/realtime-js@https://registry.npmjs.org/@supabase/realtime-js/-/realtime-js-2.107.0.tgz 0ms (cache hit)
112 silly tarball no local data for iceberg-js@https://registry.npmjs.org/iceberg-js/-/iceberg-js-0.8.1.tgz. Extracting by manifest.
113 silly tarball no local data for motion-utils@https://registry.npmjs.org/motion-utils/-/motion-utils-12.39.0.tgz. Extracting by manifest.
114 silly tarball no local data for motion-dom@https://registry.npmjs.org/motion-dom/-/motion-dom-12.40.0.tgz. Extracting by manifest.
115 silly tarball no local data for @supabase/phoenix@https://registry.npmjs.org/@supabase/phoenix/-/phoenix-0.4.2.tgz. Extracting by manifest.
116 silly tarball no local data for @supabase/storage-js@https://registry.npmjs.org/@supabase/storage-js/-/storage-js-2.107.0.tgz. Extracting by manifest.
117 silly tarball no local data for @supabase/postgrest-js@https://registry.npmjs.org/@supabase/postgrest-js/-/postgrest-js-2.107.0.tgz. Extracting by manifest.
118 silly tarball no local data for @supabase/functions-js@https://registry.npmjs.org/@supabase/functions-js/-/functions-js-2.107.0.tgz. Extracting by manifest.
119 silly tarball no local data for lucide-react@https://registry.npmjs.org/lucide-react/-/lucide-react-1.17.0.tgz. Extracting by manifest.
120 silly tarball no local data for tailwind-merge@https://registry.npmjs.org/tailwind-merge/-/tailwind-merge-3.6.0.tgz. Extracting by manifest.
121 silly tarball no local data for @supabase/auth-js@https://registry.npmjs.org/@supabase/auth-js/-/auth-js-2.107.0.tgz. Extracting by manifest.
122 silly tarball no local data for clsx@https://registry.npmjs.org/clsx/-/clsx-2.1.1.tgz. Extracting by manifest.
123 silly tarball no local data for framer-motion@https://registry.npmjs.org/framer-motion/-/framer-motion-12.40.0.tgz. Extracting by manifest.
124 silly tarball no local data for @supabase/supabase-js@https://registry.npmjs.org/@supabase/supabase-js/-/supabase-js-2.107.0.tgz. Extracting by manifest.
125 silly tarball no local data for @supabase/realtime-js@https://registry.npmjs.org/@supabase/realtime-js/-/realtime-js-2.107.0.tgz. Extracting by manifest.
126 http fetch GET 200 https://registry.npmjs.org/iceberg-js/-/iceberg-js-0.8.1.tgz 123ms (cache miss)
127 http fetch GET 200 https://registry.npmjs.org/motion-utils/-/motion-utils-12.39.0.tgz 343ms (cache miss)
128 http fetch POST 200 https://registry.npmjs.org/-/npm/v1/security/advisories/bulk 525ms
129 silly audit report {
129 silly audit report   postcss: [
129 silly audit report     {
129 silly audit report       id: 1117015,
129 silly audit report       url: 'https://github.com/advisories/GHSA-qx2v-qp2m-jg93',
129 silly audit report       title: 'PostCSS has XSS via Unescaped </style> in its CSS Stringify Output',
129 silly audit report       severity: 'moderate',
129 silly audit report       vulnerable_versions: '<8.5.10',
129 silly audit report       cwe: [Array],
129 silly audit report       cvss: [Object]
129 silly audit report     }
129 silly audit report   ]
129 silly audit report }
130 silly packumentCache corgi:https://registry.npmjs.org/postcss cache-miss
131 http cache https://registry.npmjs.org/postcss 15ms (cache hit)
132 silly packumentCache corgi:https://registry.npmjs.org/postcss set size:344717 disposed:false
133 silly packumentCache corgi:https://registry.npmjs.org/next cache-miss
134 http cache https://registry.npmjs.org/next 145ms (cache hit)
135 silly packumentCache corgi:https://registry.npmjs.org/next set size:25137888 disposed:false
136 http fetch GET 200 https://registry.npmjs.org/@supabase/functions-js/-/functions-js-2.107.0.tgz 1349ms (cache miss)
137 http fetch GET 200 https://registry.npmjs.org/@supabase/auth-js/-/auth-js-2.107.0.tgz 2858ms (cache miss)
138 http fetch GET 200 https://registry.npmjs.org/@supabase/phoenix/-/phoenix-0.4.2.tgz 3108ms (cache miss)
139 http fetch GET 200 https://registry.npmjs.org/@supabase/storage-js/-/storage-js-2.107.0.tgz 3581ms (cache miss)
140 http fetch GET 200 https://registry.npmjs.org/@supabase/postgrest-js/-/postgrest-js-2.107.0.tgz 3595ms (cache miss)
141 http fetch GET 200 https://registry.npmjs.org/motion-dom/-/motion-dom-12.40.0.tgz 3903ms (cache miss)
142 http fetch GET 200 https://registry.npmjs.org/@supabase/realtime-js/-/realtime-js-2.107.0.tgz 7015ms (cache miss)
143 http fetch GET 200 https://registry.npmjs.org/@supabase/supabase-js/-/supabase-js-2.107.0.tgz 10804ms (cache miss)
144 http fetch GET https://registry.npmjs.org/lucide-react/-/lucide-react-1.17.0.tgz attempt 1 failed with ETIMEDOUT
145 http fetch GET https://registry.npmjs.org/clsx/-/clsx-2.1.1.tgz attempt 1 failed with ETIMEDOUT
146 http fetch GET https://registry.npmjs.org/tailwind-merge/-/tailwind-merge-3.6.0.tgz attempt 1 failed with ETIMEDOUT
147 http fetch GET https://registry.npmjs.org/framer-motion/-/framer-motion-12.40.0.tgz attempt 1 failed with ETIMEDOUT
148 http fetch GET 200 https://registry.npmjs.org/clsx/-/clsx-2.1.1.tgz 34457ms attempt #2 (cache miss)
149 http fetch GET 200 https://registry.npmjs.org/tailwind-merge/-/tailwind-merge-3.6.0.tgz 34635ms attempt #2 (cache miss)
150 http fetch GET 200 https://registry.npmjs.org/framer-motion/-/framer-motion-12.40.0.tgz 35754ms attempt #2 (cache miss)
151 http fetch GET 200 https://registry.npmjs.org/lucide-react/-/lucide-react-1.17.0.tgz 41534ms attempt #2 (cache miss)
152 silly ADD node_modules/motion-utils
153 silly ADD node_modules/motion-dom
154 silly ADD node_modules/iceberg-js
155 silly ADD node_modules/@supabase/phoenix
156 silly ADD node_modules/@supabase/storage-js
157 silly ADD node_modules/@supabase/realtime-js
158 silly ADD node_modules/@supabase/postgrest-js
159 silly ADD node_modules/@supabase/functions-js
160 silly ADD node_modules/@supabase/auth-js
161 silly ADD node_modules/tailwind-merge
162 silly ADD node_modules/lucide-react
163 silly ADD node_modules/framer-motion
164 silly ADD node_modules/clsx
165 silly ADD node_modules/@supabase/supabase-js
166 verbose cwd E:\Website\Acheron\acheron-app
167 verbose os Windows_NT 10.0.19045
168 verbose node v24.16.0
169 verbose npm  v11.13.0
170 verbose exit 0
171 info ok
